2010-06-14 12:46:49,787 [16] INFO Video_to_Wikipedia.Controllers.HomeController [(null)] - abc
2010-06-14 12:57:43,068 [4] INFO Video_to_Wikipedia.Models.VideoDownloader [(null)] - C:\Users\w3stfa11\Documents\Visual Studio 2010\Projects\video-to-wikipedia.git\Video-to-Wikipedia\video.mp4
2010-06-14 12:58:44,896 [4] INFO Video_to_Wikipedia.Models.VideoDownloader [(null)] - C:\Users\w3stfa11\Documents\Visual Studio 2010\Projects\video-to-wikipedia.git\Video-to-Wikipedia\video.mp4
2010-06-14 13:03:04,230 [8] INFO Video_to_Wikipedia.Models.VideoDownloader [(null)] - C:\Users\w3stfa11\Documents\Visual Studio 2010\Projects\video-to-wikipedia.git\Video-to-Wikipedia\video.mp4
2010-06-14 13:14:52,267 [4] INFO Video_to_Wikipedia.Controllers.HomeController [(null)] - C:\Users\w3stfa11\Documents\Visual Studio 2010\Projects\video-to-wikipedia.git\Video-to-Wikipedia\video.mp4
2010-06-14 13:17:23,827 [12] INFO Video_to_Wikipedia.Controllers.HomeController [(null)] - C:\Users\w3stfa11\Documents\Visual Studio 2010\Projects\video-to-wikipedia.git\Video-to-Wikipedia\video.mp4
2010-06-14 13:18:25,271 [12] INFO Video_to_Wikipedia.Models.VideoDownloader [(null)] - C:\Users\w3stfa11\Documents\Visual Studio 2010\Projects\video-to-wikipedia.git\Video-to-Wikipedia\video.mp4
2010-06-14 13:19:22,206 [7] INFO Video_to_Wikipedia.Models.VideoDownloader [(null)] - C:\Users\w3stfa11\Documents\Visual Studio 2010\Projects\video-to-wikipedia.git\Video-to-Wikipedia\video.mp4
2010-06-14 13:21:23,396 [9] INFO Video_to_Wikipedia.Models.VideoDownloader [(null)] - C:\Users\w3stfa11\Documents\Visual Studio 2010\Projects\video-to-wikipedia.git\Video-to-Wikipedia\home\video.mp4
2010-06-14 13:23:54,723 [7] INFO Video_to_Wikipedia.Models.VideoDownloader [(null)] - C:\Users\w3stfa11\Documents\Visual Studio 2010\Projects\video-to-wikipedia.git\Video-to-Wikipedia\home\video.mp4
2010-06-14 13:24:16,995 [8] INFO Video_to_Wikipedia.Models.VideoDownloader [(null)] - C:\Users\w3stfa11\Documents\Visual Studio 2010\Projects\video-to-wikipedia.git\Video-to-Wikipedia\home\video.mp4
2010-06-14 13:27:38,618 [16] INFO Video_to_Wikipedia.Models.VideoDownloader [(null)] - C:\Users\w3stfa11\Documents\Visual Studio 2010\Projects\video-to-wikipedia.git\Video-to-Wikipedia\home\video.mp4
2010-06-14 13:27:53,899 [16] INFO Video_to_Wikipedia.Models.VideoDownloader [(null)] - C:\Users\w3stfa11\Documents\Visual Studio 2010\Projects\video-to-wikipedia.git\Video-to-Wikipedia\home\video.mp4
2010-06-14 13:28:14,565 [16] INFO Video_to_Wikipedia.Models.VideoDownloader [(null)] - C:\Users\w3stfa11\Documents\Visual Studio 2010\Projects\video-to-wikipedia.git\Video-to-Wikipedia\home\video.mp4
2010-06-14 13:28:58,914 [19] INFO Video_to_Wikipedia.Models.VideoDownloader [(null)] - C:\Users\w3stfa11\Documents\Visual Studio 2010\Projects\video-to-wikipedia.git\Video-to-Wikipedia\home\video.mp4
2010-06-14 13:32:24,839 [11] INFO Video_to_Wikipedia.Models.VideoDownloader [(null)] - C:\Users\w3stfa11\Documents\Visual Studio 2010\Projects\video-to-wikipedia.git\Video-to-Wikipedia\video.mp4
2010-06-14 13:32:24,917 [11] INFO Video_to_Wikipedia.Models.VideoDownloader [(null)] - appdomain: C:\Users\w3stfa11\Documents\Visual Studio 2010\Projects\video-to-wikipedia.git\Video-to-Wikipedia\
2010-06-14 13:35:48,457 [10] INFO Video_to_Wikipedia.Models.VideoDownloader [(null)] - C:\Users\w3stfa11\Documents\Visual Studio 2010\Projects\video-to-wikipedia.git\Video-to-Wikipedia\video.mp4
2010-06-14 13:35:48,510 [10] INFO Video_to_Wikipedia.Models.VideoDownloader [(null)] - appdomain: C:\Users\w3stfa11\Documents\Visual Studio 2010\Projects\video-to-wikipedia.git\Video-to-Wikipedia\
2010-06-14 13:36:07,959 [10] INFO Video_to_Wikipedia.Models.VideoDownloader [(null)] - C:\Users\w3stfa11\Documents\Visual Studio 2010\Projects\video-to-wikipedia.git\Video-to-Wikipedia\video.mp4
2010-06-14 13:36:07,964 [10] INFO Video_to_Wikipedia.Models.VideoDownloader [(null)] - appdomain: C:\Users\w3stfa11\Documents\Visual Studio 2010\Projects\video-to-wikipedia.git\Video-to-Wikipedia\
2010-06-14 13:37:46,977 [8] INFO Video_to_Wikipedia.Models.VideoDownloader [(null)] - C:\Users\w3stfa11\Documents\Visual Studio 2010\Projects\video-to-wikipedia.git\Video-to-Wikipedia\video.mp4
2010-06-14 13:37:47,037 [8] INFO Video_to_Wikipedia.Models.VideoDownloader [(null)] - appdomain: C:\Users\w3stfa11\Documents\Visual Studio 2010\Projects\video-to-wikipedia.git\Video-to-Wikipedia\
2010-06-14 13:39:50,242 [14] INFO Video_to_Wikipedia.Models.VideoDownloader [(null)] - C:\Users\w3stfa11\Documents\Visual Studio 2010\Projects\video-to-wikipedia.git\Video-to-Wikipedia\video.mp4
2010-06-14 13:39:50,302 [14] INFO Video_to_Wikipedia.Models.VideoDownloader [(null)] - appdomain: C:\Users\w3stfa11\Documents\Visual Studio 2010\Projects\video-to-wikipedia.git\Video-to-Wikipedia\
2010-06-14 13:41:03,930 [14] INFO Video_to_Wikipedia.Models.VideoDownloader [(null)] - C:\Users\w3stfa11\Documents\Visual Studio 2010\Projects\video-to-wikipedia.git\Video-to-Wikipedia\mpic.mp4
2010-06-14 13:41:03,987 [14] INFO Video_to_Wikipedia.Models.VideoDownloader [(null)] - appdomain: C:\Users\w3stfa11\Documents\Visual Studio 2010\Projects\video-to-wikipedia.git\Video-to-Wikipedia\
2010-06-14 13:43:10,538 [12] INFO Video_to_Wikipedia.Models.VideoDownloader [(null)] - C:\Users\w3stfa11\Documents\Visual Studio 2010\Projects\video-to-wikipedia.git\Video-to-Wikipedia\video.mp4
2010-06-14 13:43:10,595 [12] INFO Video_to_Wikipedia.Models.VideoDownloader [(null)] - appdomain: C:\Users\w3stfa11\Documents\Visual Studio 2010\Projects\video-to-wikipedia.git\Video-to-Wikipedia\
2010-06-14 13:46:28,337 [7] INFO Video_to_Wikipedia.Models.VideoDownloader [(null)] - C:\Users\w3stfa11\Documents\Visual Studio 2010\Projects\video-to-wikipedia.git\Video-to-Wikipedia\video.mp4
2010-06-14 13:46:28,383 [7] INFO Video_to_Wikipedia.Models.VideoDownloader [(null)] - appdomain: C:\Users\w3stfa11\Documents\Visual Studio 2010\Projects\video-to-wikipedia.git\Video-to-Wikipedia\
2010-06-14 13:48:16,637 [13] INFO Video_to_Wikipedia.Models.VideoDownloader [(null)] - C:\Users\w3stfa11\Documents\Visual Studio 2010\Projects\video-to-wikipedia.git\Video-to-Wikipedia\video.mp4
2010-06-14 13:48:16,709 [13] INFO Video_to_Wikipedia.Models.VideoDownloader [(null)] - appdomain: C:\Users\w3stfa11\Documents\Visual Studio 2010\Projects\video-to-wikipedia.git\Video-to-Wikipedia\
2010-06-14 13:48:47,957 [10] INFO Video_to_Wikipedia.Models.Converter [(null)] - Beginning conversion
2010-06-14 13:51:42,455 [10] INFO Video_to_Wikipedia.Models.Converter [(null)] - Uploading to Wikipedia
